Info: Starting: Create block symbol file (.bsf)
Info: ip-generate --project-directory=H:/DSD/de0/ --output-directory=H:/DSD/de0/first_nios2_system/ --report-file=bsf:H:/DSD/de0/first_nios2_system.bsf --system-info=DEVICE_FAMILY="Cyclone III" --system-info=DEVICE=EP3C120F780C7 --system-info=DEVICE_SPEEDGRADE=7 --component-file=H:/DSD/de0/first_nios2_system.qsys
Progress: Loading de0/first_nios2_system.qsys
Progress: Reading input file
Progress: Adding clk_0 [clock_source 12.0]
Progress: Parameterizing module clk_0
Progress: Adding onchip_mem [altera_avalon_onchip_memory2 12.0]
Progress: Parameterizing module onchip_mem
Progress: Adding cpu [altera_nios2_qsys 12.0]
Progress: Parameterizing module cpu
Progress: Adding jtag_uart [altera_avalon_jtag_uart 12.0]
Progress: Parameterizing module jtag_uart
Progress: Adding sys_clk_timer [altera_avalon_timer 12.0]
Progress: Parameterizing module sys_clk_timer
Progress: Adding sysid [altera_avalon_sysid_qsys 12.0]
Progress: Parameterizing module sysid
Progress: Adding led_pio [altera_avalon_pio 12.0]
Progress: Parameterizing module led_pio
Progress: Adding sdram [altera_avalon_new_sdram_controller 12.0]
Progress: Parameterizing module sdram
Progress: Adding pll [altpll 12.0]
Progress: Parameterizing module pll
Progress: Building connections
Progress: Parameterizing connections
Progress: Validating
Progress: Done reading input file
Info: first_nios2_system.sysid: System ID will no longer be automatically assigned.
Info: first_nios2_system.sysid: Time stamp will be automatically updated when this component is generated.
Info: ip-generate succeeded.
Info: Finished: Create block symbol file (.bsf)
