Info: Starting: Create block symbol file (.bsf)
Info: ip-generate --project-directory=H:/DSD/DSDCourseWork/ --output-directory=H:/DSD/DSDCourseWork/first_nios2_system/ --report-file=bsf:H:/DSD/DSDCourseWork/first_nios2_system.bsf --system-info=DEVICE_FAMILY="Cyclone III" --system-info=DEVICE=EP3C120F780C7 --system-info=DEVICE_SPEEDGRADE=7 --component-file=H:/DSD/DSDCourseWork/first_nios2_system.qsys
Progress: Loading DSDCourseWork/first_nios2_system.qsys
Progress: Reading input file
Progress: Adding clk_0 [clock_source 12.0]
Progress: Parameterizing module clk_0
Progress: Adding onchip_mem [altera_avalon_onchip_memory2 12.0]
Progress: Parameterizing module onchip_mem
Progress: Adding cpu [altera_nios2_qsys 12.0]
Progress: Parameterizing module cpu
Progress: Adding jtag_uart [altera_avalon_jtag_uart 12.0]
Progress: Parameterizing module jtag_uart
Progress: Adding sys_clk_timer [altera_avalon_timer 12.0]
Progress: Parameterizing module sys_clk_timer
Progress: Adding sysid [altera_avalon_sysid_qsys 12.0]
Progress: Parameterizing module sysid
Progress: Adding led_pio [altera_avalon_pio 12.0]
Progress: Parameterizing module led_pio
Progress: Adding sdram [altera_avalon_new_sdram_controller 12.0]
Progress: Parameterizing module sdram
Progress: Adding pll [altpll 12.0]
Progress: Parameterizing module pll
Progress: Adding fp_alu_0 [fp_alu 1.0]
Progress: Parameterizing module fp_alu_0
Progress: Adding fp_det_nios_0 [fp_det_nios 1.0]
Progress: Parameterizing module fp_det_nios_0
Progress: Building connections
Progress: Parameterizing connections
Progress: Validating
Progress: Done reading input file
Info: first_nios2_system.sysid: System ID will no longer be automatically assigned.
Info: first_nios2_system.sysid: Time stamp will be automatically updated when this component is generated.
Info: ip-generate succeeded.
Info: Finished: Create block symbol file (.bsf)
Info: 
Info: Starting: Create HDL design files for synthesis
Info: ip-generate --project-directory=H:/DSD/DSDCourseWork/ --output-directory=H:/DSD/DSDCourseWork/first_nios2_system/synthesis/ --file-set=QUARTUS_SYNTH --report-file=sopcinfo:H:/DSD/DSDCourseWork/first_nios2_system.sopcinfo --report-file=html:H:/DSD/DSDCourseWork/first_nios2_system.html --report-file=qip:H:/DSD/DSDCourseWork/first_nios2_system/synthesis/first_nios2_system.qip --system-info=DEVICE_FAMILY="Cyclone III" --system-info=DEVICE=EP3C120F780C7 --system-info=DEVICE_SPEEDGRADE=7 --component-file=H:/DSD/DSDCourseWork/first_nios2_system.qsys
Progress: Loading DSDCourseWork/first_nios2_system.qsys
Progress: Reading input file
Progress: Adding clk_0 [clock_source 12.0]
Progress: Parameterizing module clk_0
Progress: Adding onchip_mem [altera_avalon_onchip_memory2 12.0]
Progress: Parameterizing module onchip_mem
Progress: Adding cpu [altera_nios2_qsys 12.0]
Progress: Parameterizing module cpu
Progress: Adding jtag_uart [altera_avalon_jtag_uart 12.0]
Progress: Parameterizing module jtag_uart
Progress: Adding sys_clk_timer [altera_avalon_timer 12.0]
Progress: Parameterizing module sys_clk_timer
Progress: Adding sysid [altera_avalon_sysid_qsys 12.0]
Progress: Parameterizing module sysid
Progress: Adding led_pio [altera_avalon_pio 12.0]
Progress: Parameterizing module led_pio
Progress: Adding sdram [altera_avalon_new_sdram_controller 12.0]
Progress: Parameterizing module sdram
Progress: Adding pll [altpll 12.0]
Progress: Parameterizing module pll
Progress: Adding fp_alu_0 [fp_alu 1.0]
Progress: Parameterizing module fp_alu_0
Progress: Adding fp_det_nios_0 [fp_det_nios 1.0]
Progress: Parameterizing module fp_det_nios_0
Progress: Building connections
Progress: Parameterizing connections
Progress: Validating
Progress: Done reading input file
Info: first_nios2_system.sysid: System ID will no longer be automatically assigned.
Info: first_nios2_system.sysid: Time stamp will be automatically updated when this component is generated.
Info: first_nios2_system: Generating first_nios2_system "first_nios2_system" for QUARTUS_SYNTH
Info: pipeline_bridge_swap_transform: After transform: 9 modules, 29 connections
Info: merlin_custom_instruction_transform: After transform: 13 modules, 33 connections
Info: merlin_translator_transform: After transform: 23 modules, 63 connections
Info: merlin_domain_transform: After transform: 42 modules, 160 connections
Info: merlin_router_transform: After transform: 52 modules, 190 connections
Info: merlin_traffic_limiter_transform: After transform: 53 modules, 194 connections
Info: merlin_burst_transform: After transform: 55 modules, 200 connections
Info: reset_adaptation_transform: After transform: 57 modules, 204 connections
Info: merlin_network_to_switch_transform: After transform: 76 modules, 246 connections
Info: merlin_width_transform: After transform: 80 modules, 258 connections
Info: Inserting clock-crossing logic between cmd_xbar_demux.src1 and cmd_xbar_mux_001.sink0
Info: Inserting clock-crossing logic between cmd_xbar_demux_001.src1 and cmd_xbar_mux_001.sink1
Info: Inserting clock-crossing logic between cmd_xbar_demux_002.src0 and cmd_xbar_mux_001.sink2
Info: Inserting clock-crossing logic between rsp_xbar_demux_001.src0 and rsp_xbar_mux.sink1
Info: Inserting clock-crossing logic between rsp_xbar_demux_001.src1 and rsp_xbar_mux_001.sink1
Info: Inserting clock-crossing logic between rsp_xbar_demux_001.src2 and rsp_xbar_mux_002.sink0
Info: com_altera_sopcmodel_transforms_avalon_ClockCrossingTransform: After transform: 86 modules, 288 connections
Info: limiter_update_transform: After transform: 86 modules, 289 connections
Info: merlin_interrupt_mapper_transform: After transform: 87 modules, 292 connections
Warning: system: "No matching role found for cpu_custom_instruction_master_translator:ci_slave:ci_slave_result (result)"
Warning: system: "No matching role found for cpu_custom_instruction_master_multi_xconnect:ci_slave:ci_slave_ipending (ipending)"
Warning: system: "No matching role found for cpu_custom_instruction_master_multi_xconnect:ci_slave:ci_slave_estatus (estatus)"
Warning: system: "No matching role found for cpu_custom_instruction_master_multi_slave_translator1:ci_master:ci_master_reset (reset)"
Info: cpu: Starting RTL generation for module 'first_nios2_system_cpu'
Info: cpu:   Generation command is [exec C:/altera/quartus/../ip/altera/nios2_ip/altera_nios2/eperl.exe -I C:/altera/quartus/common/ip/altera/common/perl/5.8.3 -I C:/altera/quartus/sopc_builder/bin/europa -I C:/altera/quartus/sopc_builder/bin/perl_lib -I C:/altera/quartus/sopc_builder/bin -I C:/altera/quartus/../ip/altera/nios2_ip/altera_nios2/cpu_lib -I C:/altera/quartus/../ip/altera/nios2_ip/altera_nios2/nios_lib -I C:/altera/quartus/../ip/altera/nios2_ip/altera_nios2 -I C:/altera/quartus/../ip/altera/nios2_ip/altera_nios2 -- C:/altera/quartus/../ip/altera/nios2_ip/altera_nios2/generate_rtl.epl --name=first_nios2_system_cpu --dir=C:/Users/ywc110.IC/AppData/Local/Temp/alt5770_553229717108552757.dir/0012_cpu_gen/ --quartus_dir=C:/altera/quartus --verilog --config=C:/Users/ywc110.IC/AppData/Local/Temp/alt5770_553229717108552757.dir/0012_cpu_gen//first_nios2_system_cpu_processor_configuration.pl  --do_build_sim=0    --bogus  ]
Info: cpu: # 2013.03.06 22:12:58 (*) Starting Nios II generation
Info: cpu: # 2013.03.06 22:12:58 (*)   Checking for encrypted license (non-evaluation).
Info: cpu: # 2013.03.06 22:12:59 (*)   Couldn't query license setup in Quartus directory C:/altera/quartus
Info: cpu: # 2013.03.06 22:12:59 (*)   Defaulting to contents of LM_LICENSE_FILE environment variable
Info: cpu: # 2013.03.06 22:12:59 (*)   Encrypted license found.  SOF will not be time-limited.
Info: cpu: # 2013.03.06 22:12:59 (*)   Elaborating CPU configuration settings
Info: cpu: # 2013.03.06 22:12:59 (*)   Creating all objects for CPU
Info: cpu: # 2013.03.06 22:13:00 (*)     Pipeline frontend
Info: cpu: # 2013.03.06 22:13:02 (*)   Generating RTL from CPU objects
Info: cpu: # 2013.03.06 22:13:04 (*)   Creating encrypted RTL
Info: cpu: # 2013.03.06 22:13:05 (*) Done Nios II generation
Info: cpu: Done RTL generation for module 'first_nios2_system_cpu'
Info: cpu: "first_nios2_system" instantiated altera_nios2_qsys "cpu"
Info: Starting classic module elaboration.
"c:/altera/quartus/bin/jre/bin/java.exe" -Xmx512M -classpath "c:/altera/quartus/sopc_builder/bin/sopc_builder.jar;c:/altera/quartus/sopc_builder/bin/PinAssigner.jar;c:/altera/quartus/sopc_builder/bin/sopc_wizard.jar;c:/altera/quartus/sopc_builder/bin/jptf.jar" sopc_builder.sopc_builder  -d"c:/altera/quartus/sopc_builder" -notalkback=1 -projectnameyysystem.qpf -projectpathC:/Users/ywc110.IC/AppData/Local/Temp/alt5770_553229717108552757.dir/0013_sopclgen  --no_splash --refresh C:/Users/ywc110.IC/AppData/Local/Temp/alt5770_553229717108552757.dir/0013_sopclgen/yysystem.v --quartus_dir="c:/altera/quartus" --sopc_perl="c:/altera/quartus/bin/perl" --sopc_lib_path="++c:/altera/quartus/../ip/altera/sopc_builder_ip+c:/altera/quartus/../ip/altera/nios2_ip"
Info: Finished elaborating classic module.
Executing: C:/altera/quartus//sopc_builder/bin/sopc_builder --classic --generate C:/Users/ywc110.IC/AppData/Local/Temp/alt5770_553229717108552757.dir/0013_sopclgen/yysystem.ptf
Info: Running sopc_builder...
"c:/altera/quartus/bin/jre/bin/java.exe" -Xmx512M -classpath "c:/altera/quartus/sopc_builder/bin/sopc_builder.jar;c:/altera/quartus/sopc_builder/bin/PinAssigner.jar;c:/altera/quartus/sopc_builder/bin/sopc_wizard.jar;c:/altera/quartus/sopc_builder/bin/jptf.jar" sopc_builder.sopc_builder  -d"c:/altera/quartus/sopc_builder" -notalkback=1 -projectnameyysystem.qpf -projectpathC:/Users/ywc110.IC/AppData/Local/Temp/alt5770_553229717108552757.dir/0013_sopclgen  --generate C:/Users/ywc110.IC/AppData/Local/Temp/alt5770_553229717108552757.dir/0013_sopclgen/yysystem.v --quartus_dir="c:/altera/quartus" --sopc_perl="c:/altera/quartus/bin/perl" --sopc_lib_path="++c:/altera/quartus/../ip/altera/sopc_builder_ip+c:/altera/quartus/../ip/altera/nios2_ip"
No .sopc_builder configuration file(!)
.
# 2013.03.06 22:13:19 (*) Success: sopc_builder finished.
Info: jtag_uart: "first_nios2_system" instantiated altera_avalon_jtag_uart "jtag_uart"
Info: Starting classic module elaboration.
"c:/altera/quartus/bin/jre/bin/java.exe" -Xmx512M -classpath "c:/altera/quartus/sopc_builder/bin/sopc_builder.jar;c:/altera/quartus/sopc_builder/bin/PinAssigner.jar;c:/altera/quartus/sopc_builder/bin/sopc_wizard.jar;c:/altera/quartus/sopc_builder/bin/jptf.jar" sopc_builder.sopc_builder  -d"c:/altera/quartus/sopc_builder" -notalkback=1 -projectnameyysystem.qpf -projectpathC:/Users/ywc110.IC/AppData/Local/Temp/alt5770_553229717108552757.dir/0014_sopclgen  --no_splash --refresh C:/Users/ywc110.IC/AppData/Local/Temp/alt5770_553229717108552757.dir/0014_sopclgen/yysystem.v --quartus_dir="c:/altera/quartus" --sopc_perl="c:/altera/quartus/bin/perl" --sopc_lib_path="++c:/altera/quartus/../ip/altera/sopc_builder_ip+c:/altera/quartus/../ip/altera/nios2_ip"
Info: Finished elaborating classic module.
Executing: C:/altera/quartus//sopc_builder/bin/sopc_builder --classic --generate C:/Users/ywc110.IC/AppData/Local/Temp/alt5770_553229717108552757.dir/0014_sopclgen/yysystem.ptf
Info: Running sopc_builder...
"c:/altera/quartus/bin/jre/bin/java.exe" -Xmx512M -classpath "c:/altera/quartus/sopc_builder/bin/sopc_builder.jar;c:/altera/quartus/sopc_builder/bin/PinAssigner.jar;c:/altera/quartus/sopc_builder/bin/sopc_wizard.jar;c:/altera/quartus/sopc_builder/bin/jptf.jar" sopc_builder.sopc_builder  -d"c:/altera/quartus/sopc_builder" -notalkback=1 -projectnameyysystem.qpf -projectpathC:/Users/ywc110.IC/AppData/Local/Temp/alt5770_553229717108552757.dir/0014_sopclgen  --generate C:/Users/ywc110.IC/AppData/Local/Temp/alt5770_553229717108552757.dir/0014_sopclgen/yysystem.v --quartus_dir="c:/altera/quartus" --sopc_perl="c:/altera/quartus/bin/perl" --sopc_lib_path="++c:/altera/quartus/../ip/altera/sopc_builder_ip+c:/altera/quartus/../ip/altera/nios2_ip"
No .sopc_builder configuration file(!)
.
# 2013.03.06 22:13:29 (*) Success: sopc_builder finished.
Info: sys_clk_timer: "first_nios2_system" instantiated altera_avalon_timer "sys_clk_timer"
Info: sysid: "first_nios2_system" instantiated altera_avalon_sysid_qsys "sysid"
Info: Starting classic module elaboration.
"c:/altera/quartus/bin/jre/bin/java.exe" -Xmx512M -classpath "c:/altera/quartus/sopc_builder/bin/sopc_builder.jar;c:/altera/quartus/sopc_builder/bin/PinAssigner.jar;c:/altera/quartus/sopc_builder/bin/sopc_wizard.jar;c:/altera/quartus/sopc_builder/bin/jptf.jar" sopc_builder.sopc_builder  -d"c:/altera/quartus/sopc_builder" -notalkback=1 -projectnameyysystem.qpf -projectpathC:/Users/ywc110.IC/AppData/Local/Temp/alt5770_553229717108552757.dir/0016_sopclgen  --no_splash --refresh C:/Users/ywc110.IC/AppData/Local/Temp/alt5770_553229717108552757.dir/0016_sopclgen/yysystem.v --quartus_dir="c:/altera/quartus" --sopc_perl="c:/altera/quartus/bin/perl" --sopc_lib_path="++c:/altera/quartus/../ip/altera/sopc_builder_ip+c:/altera/quartus/../ip/altera/nios2_ip"
Info: Finished elaborating classic module.
Executing: C:/altera/quartus//sopc_builder/bin/sopc_builder --classic --generate C:/Users/ywc110.IC/AppData/Local/Temp/alt5770_553229717108552757.dir/0016_sopclgen/yysystem.ptf
Info: Running sopc_builder...
"c:/altera/quartus/bin/jre/bin/java.exe" -Xmx512M -classpath "c:/altera/quartus/sopc_builder/bin/sopc_builder.jar;c:/altera/quartus/sopc_builder/bin/PinAssigner.jar;c:/altera/quartus/sopc_builder/bin/sopc_wizard.jar;c:/altera/quartus/sopc_builder/bin/jptf.jar" sopc_builder.sopc_builder  -d"c:/altera/quartus/sopc_builder" -notalkback=1 -projectnameyysystem.qpf -projectpathC:/Users/ywc110.IC/AppData/Local/Temp/alt5770_553229717108552757.dir/0016_sopclgen  --generate C:/Users/ywc110.IC/AppData/Local/Temp/alt5770_553229717108552757.dir/0016_sopclgen/yysystem.v --quartus_dir="c:/altera/quartus" --sopc_perl="c:/altera/quartus/bin/perl" --sopc_lib_path="++c:/altera/quartus/../ip/altera/sopc_builder_ip+c:/altera/quartus/../ip/altera/nios2_ip"
No .sopc_builder configuration file(!)
.
.
# 2013.03.06 22:13:39 (*) Running Test Generator Program for first_nios2_system_sdram
# 2013.03.06 22:13:40 (*) Success: sopc_builder finished.
Info: sdram: "first_nios2_system" instantiated altera_avalon_new_sdram_controller "sdram"
Info: pll: "first_nios2_system" instantiated altpll "pll"
Info: fp_alu_0: "first_nios2_system" instantiated fp_alu "fp_alu_0"
Info: fp_det_nios_0: "first_nios2_system" instantiated fp_det_nios "fp_det_nios_0"
Info: cpu_custom_instruction_master_translator: "first_nios2_system" instantiated altera_customins_master_translator "cpu_custom_instruction_master_translator"
Info: cpu_custom_instruction_master_multi_xconnect: "first_nios2_system" instantiated altera_customins_xconnect "cpu_custom_instruction_master_multi_xconnect"
Info: cpu_custom_instruction_master_multi_slave_translator0: "first_nios2_system" instantiated altera_customins_slave_translator "cpu_custom_instruction_master_multi_slave_translator0"
Info: cpu_instruction_master_translator: "first_nios2_system" instantiated altera_merlin_master_translator "cpu_instruction_master_translator"
Info: cpu_jtag_debug_module_translator: "first_nios2_system" instantiated altera_merlin_slave_translator "cpu_jtag_debug_module_translator"
Info: cpu_instruction_master_translator_avalon_universal_master_0_agent: "first_nios2_system" instantiated altera_merlin_master_agent "cpu_instruction_master_translator_avalon_universal_master_0_agent"
Info: cpu_jtag_debug_module_translator_avalon_universal_slave_0_agent: "first_nios2_system" instantiated altera_merlin_slave_agent "cpu_jtag_debug_module_translator_avalon_universal_slave_0_agent"
Info: cpu_jtag_debug_module_translator_avalon_universal_slave_0_agent_rsp_fifo: "first_nios2_system" instantiated altera_avalon_sc_fifo "cpu_jtag_debug_module_translator_avalon_universal_slave_0_agent_rsp_fifo"
Info: addr_router: "first_nios2_system" instantiated altera_merlin_router "addr_router"
Info: addr_router_001: "first_nios2_system" instantiated altera_merlin_router "addr_router_001"
Info: addr_router_002: "first_nios2_system" instantiated altera_merlin_router "addr_router_002"
Info: id_router: "first_nios2_system" instantiated altera_merlin_router "id_router"
Info: id_router_001: "first_nios2_system" instantiated altera_merlin_router "id_router_001"
Info: id_router_003: "first_nios2_system" instantiated altera_merlin_router "id_router_003"
Info: id_router_006: "first_nios2_system" instantiated altera_merlin_router "id_router_006"
Info: limiter: "first_nios2_system" instantiated altera_merlin_traffic_limiter "limiter"
Info: burst_adapter: "first_nios2_system" instantiated altera_merlin_burst_adapter "burst_adapter"
Info: rst_controller: "first_nios2_system" instantiated altera_reset_controller "rst_controller"
Info: cmd_xbar_demux: "first_nios2_system" instantiated altera_merlin_demultiplexer "cmd_xbar_demux"
Info: cmd_xbar_demux_001: "first_nios2_system" instantiated altera_merlin_demultiplexer "cmd_xbar_demux_001"
Info: cmd_xbar_demux_002: "first_nios2_system" instantiated altera_merlin_demultiplexer "cmd_xbar_demux_002"
Info: cmd_xbar_mux: "first_nios2_system" instantiated altera_merlin_multiplexer "cmd_xbar_mux"
Info: cmd_xbar_mux_001: "first_nios2_system" instantiated altera_merlin_multiplexer "cmd_xbar_mux_001"
Info: Reusing file H:/DSD/DSDCourseWork/first_nios2_system/synthesis/submodules/altera_merlin_arbitrator.sv
Info: rsp_xbar_demux: "first_nios2_system" instantiated altera_merlin_demultiplexer "rsp_xbar_demux"
Info: rsp_xbar_demux_001: "first_nios2_system" instantiated altera_merlin_demultiplexer "rsp_xbar_demux_001"
Info: rsp_xbar_mux: "first_nios2_system" instantiated altera_merlin_multiplexer "rsp_xbar_mux"
Info: Reusing file H:/DSD/DSDCourseWork/first_nios2_system/synthesis/submodules/altera_merlin_arbitrator.sv
Info: rsp_xbar_mux_001: "first_nios2_system" instantiated altera_merlin_multiplexer "rsp_xbar_mux_001"
Info: Reusing file H:/DSD/DSDCourseWork/first_nios2_system/synthesis/submodules/altera_merlin_arbitrator.sv
Info: width_adapter: "first_nios2_system" instantiated altera_merlin_width_adapter "width_adapter"
Info: Reusing file H:/DSD/DSDCourseWork/first_nios2_system/synthesis/submodules/altera_merlin_burst_uncompressor.sv
Info: crosser: "first_nios2_system" instantiated altera_avalon_st_handshake_clock_crosser "crosser"
Info: Reusing file H:/DSD/DSDCourseWork/first_nios2_system/synthesis/submodules/altera_avalon_st_pipeline_base.v
Info: irq_mapper: "first_nios2_system" instantiated altera_irq_mapper "irq_mapper"
Info: first_nios2_system: Done first_nios2_system" with 39 modules, 125 files, 2274400 bytes
Info: ip-generate succeeded.
Info: Finished: Create HDL design files for synthesis
