Flow report for hello_world
Fri Feb 15 14:02:08 2013
Quartus II 64-Bit Version 12.0 Build 178 05/31/2012 SJ Full Version


---------------------
; Table of Contents ;
---------------------
  1. Legal Notice
  2. Flow Summary
  3. Flow Settings
  4. Flow Non-Default Global Settings
  5. Flow Elapsed Time
  6. Flow OS Summary
  7. Flow Log



----------------
; Legal Notice ;
----------------
Copyright (C) 1991-2012 Altera Corporation
Your use of Altera Corporation's design tools, logic functions 
and other software and tools, and its AMPP partner logic 
functions, and any output files from any of the foregoing 
(including device programming or simulation files), and any 
associated documentation or information are expressly subject 
to the terms and conditions of the Altera Program License 
Subscription Agreement, Altera MegaCore Function License 
Agreement, or other applicable license agreement, including, 
without limitation, that your use is for the sole purpose of 
programming logic devices manufactured by Altera and sold by 
Altera or its authorized distributors.  Please refer to the 
applicable agreement for further details.



+--------------------------------------------------------------------------------+
; Flow Summary                                                                   ;
+------------------------------------+-------------------------------------------+
; Flow Status                        ; Successful - Fri Feb 15 14:02:01 2013     ;
; Quartus II 64-Bit Version          ; 12.0 Build 178 05/31/2012 SJ Full Version ;
; Revision Name                      ; hello_world                               ;
; Top-level Entity Name              ; hello_world                               ;
; Family                             ; Cyclone III                               ;
; Device                             ; EP3C16F484C6                              ;
; Timing Models                      ; Final                                     ;
; Total logic elements               ; 3,235 / 15,408 ( 21 % )                   ;
;     Total combinational functions  ; 2,972 / 15,408 ( 19 % )                   ;
;     Dedicated logic registers      ; 1,987 / 15,408 ( 13 % )                   ;
; Total registers                    ; 2055                                      ;
; Total pins                         ; 47 / 347 ( 14 % )                         ;
; Total virtual pins                 ; 0                                         ;
; Total memory bits                  ; 29,056 / 516,096 ( 6 % )                  ;
; Embedded Multiplier 9-bit elements ; 4 / 112 ( 4 % )                           ;
; Total PLLs                         ; 0 / 4 ( 0 % )                             ;
+------------------------------------+-------------------------------------------+


+-----------------------------------------+
; Flow Settings                           ;
+-------------------+---------------------+
; Option            ; Setting             ;
+-------------------+---------------------+
; Start date & time ; 02/15/2013 14:00:13 ;
; Main task         ; Compilation         ;
; Revision Name     ; hello_world         ;
+-------------------+---------------------+


+---------------------------------------------------------------------------------------------------------------------------------------------------------------------------------+
; Flow Non-Default Global Settings                                                                                                                                                ;
+-------------------------------------+----------------------------------------------------------------------+---------------+---------------------------------------+------------+
; Assignment Name                     ; Value                                                                ; Default Value ; Entity Name                           ; Section Id ;
+-------------------------------------+----------------------------------------------------------------------+---------------+---------------------------------------+------------+
; COMPILER_SIGNATURE_ID               ; 70787614108872.136093681303696                                       ; --            ; --                                    ; --         ;
; IP_TOOL_ENV                         ; qsys                                                                 ; --            ; altera_avalon_sc_fifo                 ; --         ;
; IP_TOOL_ENV                         ; qsys                                                                 ; --            ; altera_merlin_burst_adapter           ; --         ;
; IP_TOOL_ENV                         ; qsys                                                                 ; --            ; altera_merlin_master_agent            ; --         ;
; IP_TOOL_ENV                         ; qsys                                                                 ; --            ; altera_merlin_master_translator       ; --         ;
; IP_TOOL_ENV                         ; qsys                                                                 ; --            ; altera_merlin_slave_agent             ; --         ;
; IP_TOOL_ENV                         ; qsys                                                                 ; --            ; altera_merlin_slave_translator        ; --         ;
; IP_TOOL_ENV                         ; qsys                                                                 ; --            ; altera_merlin_traffic_limiter         ; --         ;
; IP_TOOL_ENV                         ; qsys                                                                 ; --            ; altera_merlin_width_adapter           ; --         ;
; IP_TOOL_ENV                         ; qsys                                                                 ; --            ; altera_reset_controller               ; --         ;
; IP_TOOL_ENV                         ; qsys                                                                 ; --            ; first_nios2_system                    ; --         ;
; IP_TOOL_ENV                         ; qsys                                                                 ; --            ; first_nios2_system_addr_router        ; --         ;
; IP_TOOL_ENV                         ; qsys                                                                 ; --            ; first_nios2_system_addr_router_001    ; --         ;
; IP_TOOL_ENV                         ; qsys                                                                 ; --            ; first_nios2_system_cmd_xbar_demux     ; --         ;
; IP_TOOL_ENV                         ; qsys                                                                 ; --            ; first_nios2_system_cmd_xbar_demux_001 ; --         ;
; IP_TOOL_ENV                         ; qsys                                                                 ; --            ; first_nios2_system_cmd_xbar_mux       ; --         ;
; IP_TOOL_ENV                         ; qsys                                                                 ; --            ; first_nios2_system_cpu                ; --         ;
; IP_TOOL_ENV                         ; qsys                                                                 ; --            ; first_nios2_system_id_router          ; --         ;
; IP_TOOL_ENV                         ; qsys                                                                 ; --            ; first_nios2_system_id_router_001      ; --         ;
; IP_TOOL_ENV                         ; qsys                                                                 ; --            ; first_nios2_system_id_router_002      ; --         ;
; IP_TOOL_ENV                         ; qsys                                                                 ; --            ; first_nios2_system_irq_mapper         ; --         ;
; IP_TOOL_ENV                         ; qsys                                                                 ; --            ; first_nios2_system_jtag_uart          ; --         ;
; IP_TOOL_ENV                         ; qsys                                                                 ; --            ; first_nios2_system_led_pio            ; --         ;
; IP_TOOL_ENV                         ; qsys                                                                 ; --            ; first_nios2_system_rsp_xbar_demux     ; --         ;
; IP_TOOL_ENV                         ; qsys                                                                 ; --            ; first_nios2_system_rsp_xbar_demux_002 ; --         ;
; IP_TOOL_ENV                         ; qsys                                                                 ; --            ; first_nios2_system_rsp_xbar_mux       ; --         ;
; IP_TOOL_ENV                         ; qsys                                                                 ; --            ; first_nios2_system_rsp_xbar_mux_001   ; --         ;
; IP_TOOL_ENV                         ; qsys                                                                 ; --            ; first_nios2_system_sdram              ; --         ;
; IP_TOOL_ENV                         ; qsys                                                                 ; --            ; first_nios2_system_sys_clk_timer      ; --         ;
; IP_TOOL_ENV                         ; qsys                                                                 ; --            ; first_nios2_system_sysid              ; --         ;
; IP_TOOL_NAME                        ; altera_avalon_sc_fifo                                                ; --            ; altera_avalon_sc_fifo                 ; --         ;
; IP_TOOL_NAME                        ; altera_merlin_burst_adapter                                          ; --            ; altera_merlin_burst_adapter           ; --         ;
; IP_TOOL_NAME                        ; altera_merlin_master_agent                                           ; --            ; altera_merlin_master_agent            ; --         ;
; IP_TOOL_NAME                        ; altera_merlin_master_translator                                      ; --            ; altera_merlin_master_translator       ; --         ;
; IP_TOOL_NAME                        ; altera_merlin_slave_agent                                            ; --            ; altera_merlin_slave_agent             ; --         ;
; IP_TOOL_NAME                        ; altera_merlin_slave_translator                                       ; --            ; altera_merlin_slave_translator        ; --         ;
; IP_TOOL_NAME                        ; altera_merlin_traffic_limiter                                        ; --            ; altera_merlin_traffic_limiter         ; --         ;
; IP_TOOL_NAME                        ; altera_merlin_width_adapter                                          ; --            ; altera_merlin_width_adapter           ; --         ;
; IP_TOOL_NAME                        ; altera_reset_controller                                              ; --            ; altera_reset_controller               ; --         ;
; IP_TOOL_NAME                        ; qsys                                                                 ; --            ; first_nios2_system                    ; --         ;
; IP_TOOL_NAME                        ; altera_merlin_router                                                 ; --            ; first_nios2_system_addr_router        ; --         ;
; IP_TOOL_NAME                        ; altera_merlin_router                                                 ; --            ; first_nios2_system_addr_router_001    ; --         ;
; IP_TOOL_NAME                        ; altera_merlin_demultiplexer                                          ; --            ; first_nios2_system_cmd_xbar_demux     ; --         ;
; IP_TOOL_NAME                        ; altera_merlin_demultiplexer                                          ; --            ; first_nios2_system_cmd_xbar_demux_001 ; --         ;
; IP_TOOL_NAME                        ; altera_merlin_multiplexer                                            ; --            ; first_nios2_system_cmd_xbar_mux       ; --         ;
; IP_TOOL_NAME                        ; altera_nios2_qsys                                                    ; --            ; first_nios2_system_cpu                ; --         ;
; IP_TOOL_NAME                        ; altera_merlin_router                                                 ; --            ; first_nios2_system_id_router          ; --         ;
; IP_TOOL_NAME                        ; altera_merlin_router                                                 ; --            ; first_nios2_system_id_router_001      ; --         ;
; IP_TOOL_NAME                        ; altera_merlin_router                                                 ; --            ; first_nios2_system_id_router_002      ; --         ;
; IP_TOOL_NAME                        ; altera_irq_mapper                                                    ; --            ; first_nios2_system_irq_mapper         ; --         ;
; IP_TOOL_NAME                        ; altera_avalon_jtag_uart                                              ; --            ; first_nios2_system_jtag_uart          ; --         ;
; IP_TOOL_NAME                        ; altera_avalon_pio                                                    ; --            ; first_nios2_system_led_pio            ; --         ;
; IP_TOOL_NAME                        ; altera_merlin_demultiplexer                                          ; --            ; first_nios2_system_rsp_xbar_demux     ; --         ;
; IP_TOOL_NAME                        ; altera_merlin_demultiplexer                                          ; --            ; first_nios2_system_rsp_xbar_demux_002 ; --         ;
; IP_TOOL_NAME                        ; altera_merlin_multiplexer                                            ; --            ; first_nios2_system_rsp_xbar_mux       ; --         ;
; IP_TOOL_NAME                        ; altera_merlin_multiplexer                                            ; --            ; first_nios2_system_rsp_xbar_mux_001   ; --         ;
; IP_TOOL_NAME                        ; altera_avalon_new_sdram_controller                                   ; --            ; first_nios2_system_sdram              ; --         ;
; IP_TOOL_NAME                        ; altera_avalon_timer                                                  ; --            ; first_nios2_system_sys_clk_timer      ; --         ;
; IP_TOOL_NAME                        ; altera_avalon_sysid_qsys                                             ; --            ; first_nios2_system_sysid              ; --         ;
; IP_TOOL_VERSION                     ; 12.0                                                                 ; --            ; altera_avalon_sc_fifo                 ; --         ;
; IP_TOOL_VERSION                     ; 12.0                                                                 ; --            ; altera_merlin_burst_adapter           ; --         ;
; IP_TOOL_VERSION                     ; 12.0                                                                 ; --            ; altera_merlin_master_agent            ; --         ;
; IP_TOOL_VERSION                     ; 12.0                                                                 ; --            ; altera_merlin_master_translator       ; --         ;
; IP_TOOL_VERSION                     ; 12.0                                                                 ; --            ; altera_merlin_slave_agent             ; --         ;
; IP_TOOL_VERSION                     ; 12.0                                                                 ; --            ; altera_merlin_slave_translator        ; --         ;
; IP_TOOL_VERSION                     ; 12.0                                                                 ; --            ; altera_merlin_traffic_limiter         ; --         ;
; IP_TOOL_VERSION                     ; 12.0                                                                 ; --            ; altera_merlin_width_adapter           ; --         ;
; IP_TOOL_VERSION                     ; 12.0                                                                 ; --            ; altera_reset_controller               ; --         ;
; IP_TOOL_VERSION                     ; 12.0                                                                 ; --            ; first_nios2_system                    ; --         ;
; IP_TOOL_VERSION                     ; 12.0                                                                 ; --            ; first_nios2_system_addr_router        ; --         ;
; IP_TOOL_VERSION                     ; 12.0                                                                 ; --            ; first_nios2_system_addr_router_001    ; --         ;
; IP_TOOL_VERSION                     ; 12.0                                                                 ; --            ; first_nios2_system_cmd_xbar_demux     ; --         ;
; IP_TOOL_VERSION                     ; 12.0                                                                 ; --            ; first_nios2_system_cmd_xbar_demux_001 ; --         ;
; IP_TOOL_VERSION                     ; 12.0                                                                 ; --            ; first_nios2_system_cmd_xbar_mux       ; --         ;
; IP_TOOL_VERSION                     ; 12.0                                                                 ; --            ; first_nios2_system_cpu                ; --         ;
; IP_TOOL_VERSION                     ; 12.0                                                                 ; --            ; first_nios2_system_id_router          ; --         ;
; IP_TOOL_VERSION                     ; 12.0                                                                 ; --            ; first_nios2_system_id_router_001      ; --         ;
; IP_TOOL_VERSION                     ; 12.0                                                                 ; --            ; first_nios2_system_id_router_002      ; --         ;
; IP_TOOL_VERSION                     ; 12.0                                                                 ; --            ; first_nios2_system_irq_mapper         ; --         ;
; IP_TOOL_VERSION                     ; 12.0                                                                 ; --            ; first_nios2_system_jtag_uart          ; --         ;
; IP_TOOL_VERSION                     ; 12.0                                                                 ; --            ; first_nios2_system_led_pio            ; --         ;
; IP_TOOL_VERSION                     ; 12.0                                                                 ; --            ; first_nios2_system_rsp_xbar_demux     ; --         ;
; IP_TOOL_VERSION                     ; 12.0                                                                 ; --            ; first_nios2_system_rsp_xbar_demux_002 ; --         ;
; IP_TOOL_VERSION                     ; 12.0                                                                 ; --            ; first_nios2_system_rsp_xbar_mux       ; --         ;
; IP_TOOL_VERSION                     ; 12.0                                                                 ; --            ; first_nios2_system_rsp_xbar_mux_001   ; --         ;
; IP_TOOL_VERSION                     ; 12.0                                                                 ; --            ; first_nios2_system_sdram              ; --         ;
; IP_TOOL_VERSION                     ; 12.0                                                                 ; --            ; first_nios2_system_sys_clk_timer      ; --         ;
; IP_TOOL_VERSION                     ; 12.0                                                                 ; --            ; first_nios2_system_sysid              ; --         ;
; MAX_CORE_JUNCTION_TEMP              ; 85                                                                   ; --            ; --                                    ; --         ;
; MIN_CORE_JUNCTION_TEMP              ; 0                                                                    ; --            ; --                                    ; --         ;
; MISC_FILE                           ; first_nios2_system/synthesis/../../first_nios2_system.sopcinfo       ; --            ; --                                    ; --         ;
; MISC_FILE                           ; first_nios2_system/synthesis/../../first_nios2_system.qsys           ; --            ; --                                    ; --         ;
; PARTITION_COLOR                     ; 16764057                                                             ; --            ; --                                    ; Top        ;
; PARTITION_FITTER_PRESERVATION_LEVEL ; PLACEMENT_AND_ROUTING                                                ; --            ; --                                    ; Top        ;
; PARTITION_NETLIST_TYPE              ; SOURCE                                                               ; --            ; --                                    ; Top        ;
; POWER_BOARD_THERMAL_MODEL           ; None (CONSERVATIVE)                                                  ; --            ; --                                    ; --         ;
; POWER_PRESET_COOLING_SOLUTION       ; 23 MM HEAT SINK WITH 200 LFPM AIRFLOW                                ; --            ; --                                    ; --         ;
; SLD_INFO                            ; QSYS_NAME first_nios2_system HAS_SOPCINFO 1 GENERATION_ID 1360936698 ; --            ; first_nios2_system                    ; --         ;
; SYNTHESIS_ONLY_QIP                  ; On                                                                   ; --            ; --                                    ; --         ;
; TIMEQUEST_DO_CCPP_REMOVAL           ; Off                                                                  ; On            ; --                                    ; --         ;
; TIMEQUEST_DO_REPORT_TIMING          ; On                                                                   ; Off           ; --                                    ; --         ;
+-------------------------------------+----------------------------------------------------------------------+---------------+---------------------------------------+------------+


+-------------------------------------------------------------------------------------------------------------------------------+
; Flow Elapsed Time                                                                                                             ;
+---------------------------+--------------+-------------------------+---------------------+------------------------------------+
; Module Name               ; Elapsed Time ; Average Processors Used ; Peak Virtual Memory ; Total CPU Time (on all processors) ;
+---------------------------+--------------+-------------------------+---------------------+------------------------------------+
; Analysis & Synthesis      ; 00:00:51     ; 1.0                     ; 577 MB              ; 00:00:27                           ;
; Fitter                    ; 00:00:34     ; 2.5                     ; 717 MB              ; 00:00:29                           ;
; Assembler                 ; 00:00:04     ; 1.0                     ; 394 MB              ; 00:00:02                           ;
; TimeQuest Timing Analyzer ; 00:00:12     ; 1.3                     ; 498 MB              ; 00:00:07                           ;
; Total                     ; 00:01:41     ; --                      ; --                  ; 00:01:05                           ;
+---------------------------+--------------+-------------------------+---------------------+------------------------------------+


+----------------------------------------------------------------------------------------+
; Flow OS Summary                                                                        ;
+---------------------------+------------------+-----------+------------+----------------+
; Module Name               ; Machine Hostname ; OS Name   ; OS Version ; Processor type ;
+---------------------------+------------------+-----------+------------+----------------+
; Analysis & Synthesis      ; eews506a-029     ; Windows 7 ; 6.1        ; x86_64         ;
; Fitter                    ; eews506a-029     ; Windows 7 ; 6.1        ; x86_64         ;
; Assembler                 ; eews506a-029     ; Windows 7 ; 6.1        ; x86_64         ;
; TimeQuest Timing Analyzer ; eews506a-029     ; Windows 7 ; 6.1        ; x86_64         ;
+---------------------------+------------------+-----------+------------+----------------+


------------
; Flow Log ;
------------
quartus_map --read_settings_files=on --write_settings_files=off hello_world -c hello_world
quartus_fit --read_settings_files=off --write_settings_files=off hello_world -c hello_world
quartus_asm --read_settings_files=off --write_settings_files=off hello_world -c hello_world
quartus_sta hello_world -c hello_world



